  Button.cpp
  CustomText.cpp
  main.cpp
D:\Google Drive\5. Projekter\Program\Source\Minecraft AFK Tool\main.cpp(35,53): warning C4244: 'argument': conversion from 'T' to 'T', possible loss of data
          with
          [
              T=unsigned int
          ]
          and
          [
              T=float
          ]
D:\Google Drive\5. Projekter\Program\Source\Minecraft AFK Tool\main.cpp(37,52): warning C4244: 'argument': conversion from 'int' to 'T', possible loss of data
          with
          [
              T=float
          ]
D:\Google Drive\5. Projekter\Program\Source\Minecraft AFK Tool\main.cpp(121,62): warning C4244: 'argument': conversion from 'T' to 'T', possible loss of data
          with
          [
              T=unsigned int
          ]
          and
          [
              T=float
          ]
  Generating code
  258 of 262 functions (98.5%) were compiled, the rest were copied from previous compilation.
    0 functions were new in current compilation
    1 functions had inline decision re-evaluated but remain unchanged
  Finished generating code
  Minecraft AFK Tool.vcxproj -> D:\Google Drive\5. Projekter\Program\Source\Minecraft AFK Tool\Release\Minecraft AFK Tool.exe
